# JRE version: Java(TM) SE Runtime Environment (8.0_161-b12) (build 1.8.0_161-b12)
# Java VM: Java HotSpot(TM) 64-Bit Server VM (25.161-b12 mixed mode bsd-amd64 compressed oops)
Heap:
 PSYoungGen      total 1117696K, used 1089024K [0x000000076ab00000, 0x00000007b0c80000, 0x00000007c0000000)
  eden space 1089024K, 100% used [0x000000076ab00000,0x00000007ad280000,0x00000007ad280000)
  from space 28672K, 0% used [0x00000007af080000,0x00000007af080000,0x00000007b0c80000)
  to   space 29696K, 0% used [0x00000007ad280000,0x00000007ad280000,0x00000007aef80000)
 ParOldGen       total 134656K, used 46451K [0x00000006c0000000, 0x00000006c8380000, 0x000000076ab00000)
  object space 134656K, 34% used [0x00000006c0000000,0x00000006c2d5cc20,0x00000006c8380000)
 Metaspace       used 64430K, capacity 66216K, committed 66432K, reserved 1107968K
  class space    used 7411K, capacity 7787K, committed 7808K, reserved 1048576K
GC Heap History (10 events):
Event: 1384.934 GC heap before
{Heap before GC invocations=35 (full 11):
 PSYoungGen      total 850944K, used 850432K [0x000000076ab00000, 0x00000007a2280000, 0x00000007c0000000)
  eden space 850432K, 100% used [0x000000076ab00000,0x000000079e980000,0x000000079e980000)
  from space 512K, 0% used [0x000000079f980000,0x000000079f980000,0x000000079fa00000)
  to   space 29184K, 0% used [0x00000007a0600000,0x00000007a0600000,0x00000007a2280000)
 ParOldGen       total 134656K, used 33940K [0x00000006c0000000, 0x00000006c8380000, 0x000000076ab00000)
  object space 134656K, 25% used [0x00000006c0000000,0x00000006c2125270,0x00000006c8380000)
 Metaspace       used 63389K, capacity 65018K, committed 65152K, reserved 1105920K
  class space    used 7351K, capacity 7709K, committed 7808K, reserved 1048576K
Event: 1384.956 GC heap after
Heap after GC invocations=35 (full 11):
 PSYoungGen      total 877568K, used 21977K [0x000000076ab00000, 0x00000007b0f80000, 0x00000007c0000000)
  eden space 848384K, 0% used [0x000000076ab00000,0x000000076ab00000,0x000000079e780000)
  from space 29184K, 75% used [0x00000007a0600000,0x00000007a1b76728,0x00000007a2280000)
  to   space 31232K, 0% used [0x000000079e780000,0x000000079e780000,0x00000007a0600000)
 ParOldGen       total 134656K, used 33948K [0x00000006c0000000, 0x00000006c8380000, 0x000000076ab00000)
  object space 134656K, 25% used [0x00000006c0000000,0x00000006c2127270,0x00000006c8380000)
 Metaspace       used 63389K, capacity 65018K, committed 65152K, reserved 1105920K
  class space    used 7351K, capacity 7709K, committed 7808K, reserved 1048576K
}
Event: 1660.199 GC heap before
{Heap before GC invocations=36 (full 11):
 PSYoungGen      total 877568K, used 138031K [0x000000076ab00000, 0x00000007b0f80000, 0x00000007c0000000)
  eden space 848384K, 13% used [0x000000076ab00000,0x0000000771c558c0,0x000000079e780000)
  from space 29184K, 75% used [0x00000007a0600000,0x00000007a1b76728,0x00000007a2280000)
  to   space 31232K, 0% used [0x000000079e780000,0x000000079e780000,0x00000007a0600000)
 ParOldGen       total 134656K, used 33948K [0x00000006c0000000, 0x00000006c8380000, 0x000000076ab00000)
  object space 134656K, 25% used [0x00000006c0000000,0x00000006c2127270,0x00000006c8380000)
 Metaspace       used 63398K, capacity 65024K, committed 65152K, reserved 1105920K
  class space    used 7351K, capacity 7711K, committed 7808K, reserved 1048576K
Event: 1660.206 GC heap after
Heap after GC invocations=36 (full 11):
 PSYoungGen      total 879616K, used 5706K [0x000000076ab00000, 0x00000007b0e80000, 0x00000007c0000000)
  eden space 848384K, 0% used [0x000000076ab00000,0x000000076ab00000,0x000000079e780000)
  from space 31232K, 18% used [0x000000079e780000,0x000000079ed12960,0x00000007a0600000)
  to   space 30720K, 0% used [0x00000007af080000,0x00000007af080000,0x00000007b0e80000)
 ParOldGen       total 134656K, used 33956K [0x00000006c0000000, 0x00000006c8380000, 0x000000076ab00000)
  object space 134656K, 25% used [0x00000006c0000000,0x00000006c2129270,0x00000006c8380000)
 Metaspace       used 63398K, capacity 65024K, committed 65152K, reserved 1105920K
  class space    used 7351K, capacity 7711K, committed 7808K, reserved 1048576K
}
Event: 1660.206 GC heap before
{Heap before GC invocations=37 (full 12):
 PSYoungGen      total 879616K, used 5706K [0x000000076ab00000, 0x00000007b0e80000, 0x00000007c0000000)
  eden space 848384K, 0% used [0x000000076ab00000,0x000000076ab00000,0x000000079e780000)
  from space 31232K, 18% used [0x000000079e780000,0x000000079ed12960,0x00000007a0600000)
  to   space 30720K, 0% used [0x00000007af080000,0x00000007af080000,0x00000007b0e80000)
 ParOldGen       total 134656K, used 33956K [0x00000006c0000000, 0x00000006c8380000, 0x000000076ab00000)
  object space 134656K, 25% used [0x00000006c0000000,0x00000006c2129270,0x00000006c8380000)
 Metaspace       used 63398K, capacity 65024K, committed 65152K, reserved 1105920K
  class space    used 7351K, capacity 7711K, committed 7808K, reserved 1048576K
Event: 1660.425 GC heap after
Heap after GC invocations=37 (full 12):
 PSYoungGen      total 879616K, used 0K [0x000000076ab00000, 0x00000007b0e80000, 0x00000007c0000000)
  eden space 848384K, 0% used [0x000000076ab00000,0x000000076ab00000,0x000000079e780000)
  from space 31232K, 0% used [0x000000079e780000,0x000000079e780000,0x00000007a0600000)
  to   space 30720K, 0% used [0x00000007af080000,0x00000007af080000,0x00000007b0e80000)
 ParOldGen       total 134656K, used 35773K [0x00000006c0000000, 0x00000006c8380000, 0x000000076ab00000)
  object space 134656K, 26% used [0x00000006c0000000,0x00000006c22ef7e8,0x00000006c8380000)
 Metaspace       used 63359K, capacity 64926K, committed 65152K, reserved 1105920K
  class space    used 7348K, capacity 7703K, committed 7808K, reserved 1048576K
}
Event: 1756.373 GC heap before
{Heap before GC invocations=38 (full 12):
 PSYoungGen      total 879616K, used 681529K [0x000000076ab00000, 0x00000007b0e80000, 0x00000007c0000000)
  eden space 848384K, 80% used [0x000000076ab00000,0x000000079448e620,0x000000079e780000)
  from space 31232K, 0% used [0x000000079e780000,0x000000079e780000,0x00000007a0600000)
  to   space 30720K, 0% used [0x00000007af080000,0x00000007af080000,0x00000007b0e80000)
 ParOldGen       total 134656K, used 35773K [0x00000006c0000000, 0x00000006c8380000, 0x000000076ab00000)
  object space 134656K, 26% used [0x00000006c0000000,0x00000006c22ef7e8,0x00000006c8380000)
 Metaspace       used 64041K, capacity 65912K, committed 66176K, reserved 1107968K
  class space    used 7384K, capacity 7751K, committed 7808K, reserved 1048576K
Event: 1756.393 GC heap after
Heap after GC invocations=38 (full 12):
 PSYoungGen      total 1117696K, used 14974K [0x000000076ab00000, 0x00000007b0c80000, 0x00000007c0000000)
  eden space 1089024K, 0% used [0x000000076ab00000,0x000000076ab00000,0x00000007ad280000)
  from space 28672K, 52% used [0x00000007af080000,0x00000007aff1f908,0x00000007b0c80000)
  to   space 29696K, 0% used [0x00000007ad280000,0x00000007ad280000,0x00000007aef80000)
 ParOldGen       total 134656K, used 35781K [0x00000006c0000000, 0x00000006c8380000, 0x000000076ab00000)
  object space 134656K, 26% used [0x00000006c0000000,0x00000006c22f17e8,0x00000006c8380000)
 Metaspace       used 64041K, capacity 65912K, committed 66176K, reserved 1107968K
  class space    used 7384K, capacity 7751K, committed 7808K, reserved 1048576K
}
Event: 1756.393 GC heap before
{Heap before GC invocations=39 (full 13):
 PSYoungGen      total 1117696K, used 14974K [0x000000076ab00000, 0x00000007b0c80000, 0x00000007c0000000)
  eden space 1089024K, 0% used [0x000000076ab00000,0x000000076ab00000,0x00000007ad280000)
  from space 28672K, 52% used [0x00000007af080000,0x00000007aff1f908,0x00000007b0c80000)
  to   space 29696K, 0% used [0x00000007ad280000,0x00000007ad280000,0x00000007aef80000)
 ParOldGen       total 134656K, used 35781K [0x00000006c0000000, 0x00000006c8380000, 0x000000076ab00000)
  object space 134656K, 26% used [0x00000006c0000000,0x00000006c22f17e8,0x00000006c8380000)
 Metaspace       used 64041K, capacity 65912K, committed 66176K, reserved 1107968K
  class space    used 7384K, capacity 7751K, committed 7808K, reserved 1048576K
Event: 1756.599 GC heap after
Heap after GC invocations=39 (full 13):
 PSYoungGen      total 1117696K, used 0K [0x000000076ab00000, 0x00000007b0c80000, 0x00000007c0000000)
  eden space 1089024K, 0% used [0x000000076ab00000,0x000000076ab00000,0x00000007ad280000)
  from space 28672K, 0% used [0x00000007af080000,0x00000007af080000,0x00000007b0c80000)
  to   space 29696K, 0% used [0x00000007ad280000,0x00000007ad280000,0x00000007aef80000)
 ParOldGen       total 134656K, used 46451K [0x00000006c0000000, 0x00000006c8380000, 0x000000076ab00000)
  object space 134656K, 34% used [0x00000006c0000000,0x00000006c2d5cc20,0x00000006c8380000)
 Metaspace       used 64003K, capacity 65814K, committed 66176K, reserved 1107968K
  class space    used 7381K, capacity 7743K, committed 7808K, reserved 1048576K
}

